<?xml version="1.0" encoding="UTF-8"?>
<beans xmlns="http://www.springframework.org/schema/beans" xmlns:xsi="http://www.w3.org/2001/XMLSchema-instance" xmlns:tx="http://www.springframework.org/schema/tx"
    xmlns:util="http://www.springframework.org/schema/util" xmlns:jpa="http://www.springframework.org/schema/data/jpa" xmlns:context="http://www.springframework.org/schema/context"
    xsi:schemaLocation="
        http://www.springframework.org/schema/beans http://www.springframework.org/schema/beans/spring-beans-4.3.xsd
        http://www.springframework.org/schema/tx http://www.springframework.org/schema/tx/spring-tx-4.3.xsd
        http://www.springframework.org/schema/util http://www.springframework.org/schema/util/spring-util-4.3.xsd
        http://www.springframework.org/schema/data/jpa http://www.springframework.org/schema/data/jpa/spring-jpa-1.3.xsd
        http://www.springframework.org/schema/context http://www.springframework.org/schema/context/spring-context-4.3.xsd">

    <context:annotation-config />

    <!-- Repositories: JPA Configurations. -->

    <bean id="dataSource" class="org.springframework.jdbc.datasource.DriverManagerDataSource">
        <property name="driverClassName" value="${jdbc.driver}" />
        <property name="url" value="${jdbc.url}" />
        <property name="username" value="${jdbc.username}" />
        <property name="password" value="${jdbc.password}" />
    </bean>

    <bean id="jpaVendorAdapter" class="org.springframework.orm.jpa.vendor.HibernateJpaVendorAdapter">
        <property name="databasePlatform" value="${hibernate.dialect}" />
        <property name="showSql" value="${hibernate.show_sql}" />
        <property name="generateDdl" value="${hibernate.generate_ddl}" />
    </bean>

    <bean id="entityManagerFactory" class="org.springframework.orm.jpa.LocalContainerEntityManagerFactoryBean">
        <property name="dataSource" ref="dataSource" />
        <property name="packagesToScan" ref="entityPackages" />
        <property name="jpaProperties" ref="jpaProperties" />
        <property name="jpaVendorAdapter" ref="jpaVendorAdapter" />
    </bean>

    <util:properties id="jpaProperties">
        <!-- 
        	The isolation level is the setting refer by java.sql.Connection. 
        	Connection.TRANSACTION_READ_UNCOMMITTED  = 1
        	Connection.TRANSACTION_READ_COMMITTED    = 2
        	Connection.TRANSACTION_REPEATABLE_READ   = 4
        	Connection.TRANSACTION_SERIALIZABLE      = 8
        	SQLServerConnection.TRANSACTION_SNAPSHOT = 4096
        -->
        <prop key="hibernate.connection.isolation">1</prop>
        <prop key="hibernate.hbm2ddl.auto">${hibernate.hbm2ddl.auto}</prop>
        <prop key="hibernate.hbm2ddl.import_files">${hibernate.hbm2ddl.import_files}</prop>
        <!-- make link faster -->
        <prop key="hibernate.temp.use_jdbc_metadata_defaults">false</prop>
    </util:properties>

    <bean id="transactionManager" class="org.springframework.orm.jpa.JpaTransactionManager">
        <property name="entityManagerFactory" ref="entityManagerFactory" />
    </bean>

    <util:list id="entityPackages">
        <value>noah.core.model</value>
    </util:list>

    <jpa:repositories base-package="noah.core.dao" />

</beans>