<?xml version="1.0" encoding="UTF-8"?>
<beans xmlns="http://www.springframework.org/schema/beans" xmlns:xsi="http://www.w3.org/2001/XMLSchema-instance" xmlns:tx="http://www.springframework.org/schema/tx"
    xmlns:aop="http://www.springframework.org/schema/aop" xmlns:jpa="http://www.springframework.org/schema/data/jpa" xmlns:util="http://www.springframework.org/schema/util"
    xmlns:context="http://www.springframework.org/schema/context"
    xsi:schemaLocation="
        http://www.springframework.org/schema/tx http://www.springframework.org/schema/tx/spring-tx-4.3.xsd 
        http://www.springframework.org/schema/aop http://www.springframework.org/schema/aop/spring-aop.xsd 
        http://www.springframework.org/schema/data/jpa http://www.springframework.org/schema/data/jpa/spring-jpa-1.8.xsd 
        http://www.springframework.org/schema/util http://www.springframework.org/schema/util/spring-util-4.3.xsd 
        http://www.springframework.org/schema/beans http://www.springframework.org/schema/beans/spring-beans-4.3.xsd 
        http://www.springframework.org/schema/context http://www.springframework.org/schema/context/spring-context-4.3.xsd
        ">

	<import resource="test-spring-profiles.xml" />
	<import resource="test-spring-database.xml" />

    <tx:annotation-driven />
    <context:annotation-config />

    <context:component-scan base-package="noah.core.service" />

</beans>
